  [1m[36m (53.6ms)[0m  [1mCREATE TABLE `schema_migrations` (`version` varchar(255) NOT NULL) ENGINE=InnoDB[0m
  [1m[35m (218.7ms)[0m  CREATE UNIQUE INDEX `unique_schema_migrations` ON `schema_migrations` (`version`) 
  [1m[36mActiveRecord::SchemaMigration Load (0.2ms)[0m  [1mSELECT `schema_migrations`.* FROM `schema_migrations`[0m
Migrating to CreateUsers (20140208203451)
  [1m[36mActiveRecord::SchemaMigration Load (0.1ms)[0m  [1mSELECT `schema_migrations`.* FROM `schema_migrations`[0m
Migrating to CreateUsers (20140208203451)
  [1m[36mActiveRecord::SchemaMigration Load (0.2ms)[0m  [1mSELECT `schema_migrations`.* FROM `schema_migrations`[0m
Migrating to CreateContacts (20140208212147)
  [1m[35m (53.7ms)[0m  CREATE TABLE `contacts` (`id` int(11) DEFAULT NULL auto_increment PRIMARY KEY, `firstName` varchar(255), `lastName` varchar(255), `created_at` datetime, `updated_at` datetime) ENGINE=InnoDB
  [1m[36m (14.3ms)[0m  [1mBEGIN[0m
  [1m[35mSQL (14.4ms)[0m  INSERT INTO `schema_migrations` (`version`) VALUES ('20140208212147')
  [1m[36m (0.4ms)[0m  [1mCOMMIT[0m
  [1m[35mActiveRecord::SchemaMigration Load (0.2ms)[0m  SELECT `schema_migrations`.* FROM `schema_migrations`
  [1m[36m (0.2ms)[0m  [1mBEGIN[0m
  [1m[35mSQL (24.6ms)[0m  INSERT INTO `contacts` (`created_at`, `firstName`, `lastName`, `updated_at`) VALUES ('2014-02-08 21:36:18', 'Joshua', 'Stowers', '2014-02-08 21:36:18')
  [1m[36m (7.4ms)[0m  [1mCOMMIT[0m
  [1m[36mActiveRecord::SchemaMigration Load (0.1ms)[0m  [1mSELECT `schema_migrations`.* FROM `schema_migrations`[0m
  [1m[35mActiveRecord::SchemaMigration Load (0.1ms)[0m  SELECT `schema_migrations`.* FROM `schema_migrations`
  [1m[36m (0.2ms)[0m  [1mBEGIN[0m
  [1m[35mSQL (39.2ms)[0m  INSERT INTO `contacts` (`created_at`, `firstName`, `updated_at`) VALUES ('2014-02-09 16:47:01', 'Lawrence', '2014-02-09 16:47:01')
  [1m[36m (7.1ms)[0m  [1mCOMMIT[0m
  [1m[35m (0.3ms)[0m  BEGIN
  [1m[36mSQL (0.4ms)[0m  [1mINSERT INTO `contacts` (`created_at`, `firstName`, `lastName`, `updated_at`) VALUES ('2014-02-09 16:47:26', 'Emma', 'Stowers', '2014-02-09 16:47:26')[0m
  [1m[35m (1.8ms)[0m  COMMIT
  [1m[36mActiveRecord::SchemaMigration Load (0.2ms)[0m  [1mSELECT `schema_migrations`.* FROM `schema_migrations`[0m
  [1m[35mActiveRecord::SchemaMigration Load (0.1ms)[0m  SELECT `schema_migrations`.* FROM `schema_migrations`
  [1m[36mActiveRecord::SchemaMigration Load (0.1ms)[0m  [1mSELECT `schema_migrations`.* FROM `schema_migrations`[0m
  [1m[35mActiveRecord::SchemaMigration Load (0.1ms)[0m  SELECT `schema_migrations`.* FROM `schema_migrations`
  [1m[36mContact Load (0.5ms)[0m  [1mSELECT `contacts`.* FROM `contacts` ORDER BY `contacts`.`id` DESC LIMIT 1[0m
  [1m[35mContact Load (0.3ms)[0m  SELECT `contacts`.* FROM `contacts` ORDER BY `contacts`.`id` DESC LIMIT 1
  [1m[36mContact Load (0.2ms)[0m  [1mSELECT `contacts`.* FROM `contacts` ORDER BY `contacts`.`id` DESC LIMIT 1[0m
  [1m[35mContact Load (0.3ms)[0m  SELECT `contacts`.* FROM `contacts` ORDER BY `contacts`.`id` DESC LIMIT 1
  [1m[36mContact Load (0.2ms)[0m  [1mSELECT `contacts`.* FROM `contacts` ORDER BY `contacts`.`id` DESC LIMIT 1[0m
  [1m[36mContact Load (0.1ms)[0m  [1mSELECT `contacts`.* FROM `contacts` ORDER BY `contacts`.`id` DESC LIMIT 1[0m
  [1m[36mActiveRecord::SchemaMigration Load (13.0ms)[0m  [1mSELECT `schema_migrations`.* FROM `schema_migrations`[0m
  [1m[35mActiveRecord::SchemaMigration Load (0.1ms)[0m  SELECT `schema_migrations`.* FROM `schema_migrations`
  [1m[36mActiveRecord::SchemaMigration Load (0.2ms)[0m  [1mSELECT `schema_migrations`.* FROM `schema_migrations`[0m
Migrating to AddMidNameToUsers (20140212144459)
  [1m[35m (0.3ms)[0m  ALTER TABLE `users` ADD `midName` varchar
Mysql2::Error: You have an error in your SQL syntax; check the manual that corresponds to your MySQL server version for the right syntax to use near '' at line 1: ALTER TABLE `users` ADD `midName` varchar
  [1m[36mActiveRecord::SchemaMigration Load (0.1ms)[0m  [1mSELECT `schema_migrations`.* FROM `schema_migrations`[0m
Migrating to AddMidNameToUsers (20140212144459)
  [1m[35m (0.3ms)[0m  ALTER TABLE `users` ADD `midName` varchar
Mysql2::Error: You have an error in your SQL syntax; check the manual that corresponds to your MySQL server version for the right syntax to use near '' at line 1: ALTER TABLE `users` ADD `midName` varchar
  [1m[36mActiveRecord::SchemaMigration Load (0.1ms)[0m  [1mSELECT `schema_migrations`.* FROM `schema_migrations`[0m
Migrating to AddMidNameToUsers (20140212144459)
  [1m[35m (0.3ms)[0m  ALTER TABLE `users` ADD `midName` varchar
Mysql2::Error: You have an error in your SQL syntax; check the manual that corresponds to your MySQL server version for the right syntax to use near '' at line 1: ALTER TABLE `users` ADD `midName` varchar
  [1m[36mActiveRecord::SchemaMigration Load (0.1ms)[0m  [1mSELECT `schema_migrations`.* FROM `schema_migrations`[0m
Migrating to AddMidNameToContacts (20140212144736)
  [1m[35m (0.4ms)[0m  ALTER TABLE `contacts` ADD `midName` varchar
Mysql2::Error: You have an error in your SQL syntax; check the manual that corresponds to your MySQL server version for the right syntax to use near '' at line 1: ALTER TABLE `contacts` ADD `midName` varchar
  [1m[36mActiveRecord::SchemaMigration Load (0.1ms)[0m  [1mSELECT `schema_migrations`.* FROM `schema_migrations`[0m
Migrating to AddMidNameToContacts (20140212144736)
  [1m[35m (0.3ms)[0m  ALTER TABLE `contacts` ADD `midName` varchar
Mysql2::Error: You have an error in your SQL syntax; check the manual that corresponds to your MySQL server version for the right syntax to use near '' at line 1: ALTER TABLE `contacts` ADD `midName` varchar
  [1m[36mActiveRecord::SchemaMigration Load (0.1ms)[0m  [1mSELECT `schema_migrations`.* FROM `schema_migrations`[0m
Migrating to AddMidNameToContacts (20140212145431)
  [1m[35m (0.1ms)[0m  BEGIN
  [1m[36mSQL (28.6ms)[0m  [1mINSERT INTO `schema_migrations` (`version`) VALUES ('20140212145431')[0m
  [1m[35m (0.9ms)[0m  COMMIT
  [1m[36mActiveRecord::SchemaMigration Load (16.3ms)[0m  [1mSELECT `schema_migrations`.* FROM `schema_migrations`[0m
  [1m[36mActiveRecord::SchemaMigration Load (0.1ms)[0m  [1mSELECT `schema_migrations`.* FROM `schema_migrations`[0m
  [1m[35mActiveRecord::SchemaMigration Load (0.1ms)[0m  SELECT `schema_migrations`.* FROM `schema_migrations`
  [1m[36mActiveRecord::SchemaMigration Load (0.5ms)[0m  [1mSELECT `schema_migrations`.* FROM `schema_migrations`[0m
  [1m[35mActiveRecord::SchemaMigration Load (0.1ms)[0m  SELECT `schema_migrations`.* FROM `schema_migrations`
  [1m[36mActiveRecord::SchemaMigration Load (0.1ms)[0m  [1mSELECT `schema_migrations`.* FROM `schema_migrations`[0m
  [1m[35mActiveRecord::SchemaMigration Load (0.1ms)[0m  SELECT `schema_migrations`.* FROM `schema_migrations`
  [1m[36mActiveRecord::SchemaMigration Load (0.1ms)[0m  [1mSELECT `schema_migrations`.* FROM `schema_migrations`[0m
  [1m[35mActiveRecord::SchemaMigration Load (0.1ms)[0m  SELECT `schema_migrations`.* FROM `schema_migrations`
  [1m[36mActiveRecord::SchemaMigration Load (0.1ms)[0m  [1mSELECT `schema_migrations`.* FROM `schema_migrations`[0m
  [1m[35mActiveRecord::SchemaMigration Load (0.1ms)[0m  SELECT `schema_migrations`.* FROM `schema_migrations`
  [1m[36mActiveRecord::SchemaMigration Load (1.8ms)[0m  [1mSELECT `schema_migrations`.* FROM `schema_migrations`[0m
Migrating to AddGroupIdToContacts (20140216183557)
  [1m[35m (388.2ms)[0m  ALTER TABLE `contacts` ADD `groupID` varchar(255)
  [1m[36m (0.3ms)[0m  [1mBEGIN[0m
  [1m[35mSQL (30.1ms)[0m  INSERT INTO `schema_migrations` (`version`) VALUES ('20140216183557')
  [1m[36m (0.5ms)[0m  [1mCOMMIT[0m
  [1m[35mActiveRecord::SchemaMigration Load (14.9ms)[0m  SELECT `schema_migrations`.* FROM `schema_migrations`
  [1m[36mActiveRecord::SchemaMigration Load (0.1ms)[0m  [1mSELECT `schema_migrations`.* FROM `schema_migrations`[0m
Migrating to AddMidNameToContacts (20140216184138)
  [1m[35m (23.6ms)[0m  ALTER TABLE `contacts` ADD `groupID` varchar(255)
Mysql2::Error: Duplicate column name 'groupID': ALTER TABLE `contacts` ADD `groupID` varchar(255)
  [1m[36mActiveRecord::SchemaMigration Load (0.1ms)[0m  [1mSELECT `schema_migrations`.* FROM `schema_migrations`[0m
Migrating to AddMidNameToContacts (20140216184138)
  [1m[35m (0.4ms)[0m  ALTER TABLE `contacts` ADD `groupID` varchar(255)
Mysql2::Error: Duplicate column name 'groupID': ALTER TABLE `contacts` ADD `groupID` varchar(255)
  [1m[36mActiveRecord::SchemaMigration Load (0.1ms)[0m  [1mSELECT `schema_migrations`.* FROM `schema_migrations`[0m
Migrating to AddMidNameToContacts (20140216184138)
  [1m[35m (0.4ms)[0m  ALTER TABLE `contacts` ADD `groupID` varchar(255)
Mysql2::Error: Duplicate column name 'groupID': ALTER TABLE `contacts` ADD `groupID` varchar(255)
  [1m[36mActiveRecord::SchemaMigration Load (0.1ms)[0m  [1mSELECT `schema_migrations`.* FROM `schema_migrations`[0m
  [1m[35mActiveRecord::SchemaMigration Load (0.1ms)[0m  SELECT `schema_migrations`.* FROM `schema_migrations`
  [1m[36mActiveRecord::SchemaMigration Load (0.1ms)[0m  [1mSELECT `schema_migrations`.* FROM `schema_migrations`[0m
Migrating to AddMidNameToContacts (20140216184354)
  [1m[35m (147.3ms)[0m  ALTER TABLE `contacts` ADD `midName` varchar(255)
  [1m[36m (0.1ms)[0m  [1mBEGIN[0m
  [1m[35mSQL (0.3ms)[0m  INSERT INTO `schema_migrations` (`version`) VALUES ('20140216184354')
  [1m[36m (0.5ms)[0m  [1mCOMMIT[0m
  [1m[35mActiveRecord::SchemaMigration Load (0.2ms)[0m  SELECT `schema_migrations`.* FROM `schema_migrations`
  [1m[36mActiveRecord::SchemaMigration Load (0.1ms)[0m  [1mSELECT `schema_migrations`.* FROM `schema_migrations`[0m
Migrating to DropGroupIdFromContacts (20140216193514)
  [1m[35m (0.1ms)[0m  BEGIN
  [1m[36mSQL (19.0ms)[0m  [1mINSERT INTO `schema_migrations` (`version`) VALUES ('20140216193514')[0m
  [1m[35m (13.8ms)[0m  COMMIT
  [1m[36mActiveRecord::SchemaMigration Load (0.2ms)[0m  [1mSELECT `schema_migrations`.* FROM `schema_migrations`[0m
  [1m[36mActiveRecord::SchemaMigration Load (0.1ms)[0m  [1mSELECT `schema_migrations`.* FROM `schema_migrations`[0m
  [1m[35mActiveRecord::SchemaMigration Load (0.1ms)[0m  SELECT `schema_migrations`.* FROM `schema_migrations`
  [1m[36mActiveRecord::SchemaMigration Load (0.1ms)[0m  [1mSELECT `schema_migrations`.* FROM `schema_migrations`[0m
Migrating to AddGroupIdToContacts (20140216194011)
  [1m[35m (0.4ms)[0m  ALTER TABLE `contacts` ADD `groupID` int
Mysql2::Error: Duplicate column name 'groupID': ALTER TABLE `contacts` ADD `groupID` int
  [1m[36mActiveRecord::SchemaMigration Load (0.2ms)[0m  [1mSELECT `schema_migrations`.* FROM `schema_migrations`[0m
Migrating to AddGroupIdToContacts (20140216194011)
  [1m[35m (0.3ms)[0m  ALTER TABLE `contacts` ADD `groupID` int
Mysql2::Error: Duplicate column name 'groupID': ALTER TABLE `contacts` ADD `groupID` int
  [1m[36mActiveRecord::SchemaMigration Load (0.1ms)[0m  [1mSELECT `schema_migrations`.* FROM `schema_migrations`[0m
Migrating to RemoveColumnGroupIdFromContacts (20140216210747)
  [1m[36mActiveRecord::SchemaMigration Load (0.1ms)[0m  [1mSELECT `schema_migrations`.* FROM `schema_migrations`[0m
Migrating to RemoveColumnGroupIdFromContacts (20140216210747)
  [1m[36mActiveRecord::SchemaMigration Load (0.1ms)[0m  [1mSELECT `schema_migrations`.* FROM `schema_migrations`[0m
Migrating to RemoveColumnGroupIdFromContacts (20140216213338)
  [1m[35m (0.1ms)[0m  BEGIN
  [1m[36mSQL (0.3ms)[0m  [1mINSERT INTO `schema_migrations` (`version`) VALUES ('20140216213338')[0m
  [1m[35m (1.4ms)[0m  COMMIT
  [1m[36mActiveRecord::SchemaMigration Load (0.2ms)[0m  [1mSELECT `schema_migrations`.* FROM `schema_migrations`[0m
